#
# There is insufficient memory for the Java Runtime Environment to continue.
# Native memory allocation (malloc) failed to allocate 1048576 bytes for AllocateHeap
# Possible reasons:
#   The system is out of physical RAM or swap space
#   In 32 bit mode, the process size limit was hit
# Possible solutions:
#   Reduce memory load on the system
#   Increase physical memory or swap space
#   Check if swap backing store is full
#   Use 64 bit Java on a 64 bit OS
#   Decrease Java heap size (-Xmx/-Xms)
#   Decrease number of Java threads
#   Decrease Java thread stack sizes (-Xss)
#   Set larger code cache with -XX:ReservedCodeCacheSize=
# This output file may be truncated or incomplete.
#
#  Out of Memory Error (memory/allocation.inline.hpp:61), pid=13328, tid=0x0000000000002fc4
#
# JRE version:  (8.0_92-b14) (build )
# Java VM: Java HotSpot(TM) 64-Bit Server VM (25.92-b14 mixed mode windows-amd64 compressed oops)
# Failed to write core dump. Minidumps are not enabled by default on client versions of Windows
#

---------------  T H R E A D  ---------------

Current thread (0x0000000002800800):  JavaThread "Unknown thread" [_thread_in_vm, id=12228, stack(0x00000000026e0000,0x00000000027e0000)]

Stack: [0x00000000026e0000,0x00000000027e0000]
[error occurred during error reporting (printing stack bounds), id 0xc0000005]

Native frames: (J=compiled Java code, j=interpreted, Vv=VM code, C=native code)


---------------  P R O C E S S  ---------------

Java Threads: ( => current thread )

Other Threads:

=>0x0000000002800800 (exited) JavaThread "Unknown thread" [_thread_in_vm, id=12228, stack(0x00000000026e0000,0x00000000027e0000)]

VM state:not at safepoint (normal execution)

VM Mutex/Monitor currently owned by a thread: None

Heap:
 PSYoungGen      total 2048K, used 30K [0x00000000d5b00000, 0x00000000d5d80000, 0x0000000100000000)
  eden space 1536K, 2% used [0x00000000d5b00000,0x00000000d5b07af0,0x00000000d5c80000)
  from space 512K, 0% used [0x00000000d5d00000,0x00000000d5d00000,0x00000000d5d80000)
  to   space 512K, 0% used [0x00000000d5c80000,0x00000000d5c80000,0x00000000d5d00000)
 ParOldGen       total 5632K, used 0K [0x0000000081000000, 0x0000000081580000, 0x00000000d5b00000)
  object space 5632K, 0% used [0x0000000081000000,0x0000000081000000,0x0000000081580000)
 Metaspace       used 769K, capacity 4480K, committed 4480K, reserved 1056768K
  class space    used 75K, capacity 384K, committed 384K, reserved 1048576K

Card table byte_map: [0x0000000011cc0000,0x00000000120c0000] byte_map_base: 0x00000000118b8000

Marking Bits: (ParMarkBitMap*) 0x00000000670464f0
 Begin Bits: [0x0000000012970000, 0x0000000014930000)
 End Bits:   [0x0000000014930000, 0x00000000168f0000)

Polling page: 0x0000000000550000

CodeCache: size=245760Kb used=328Kb max_used=328Kb free=245431Kb
 bounds [0x0000000002900000, 0x0000000002b70000, 0x0000000011900000]
 total_blobs=58 nmethods=0 adapters=38
 compilation: enabled

Compilation events (0 events):
No events

GC Heap History (0 events):
No events

Deoptimization events (0 events):
No events

Internal exceptions (0 events):
No events

Events (10 events):
Event: 0.049 loading class java/lang/Short
Event: 0.050 loading class java/lang/Short done
Event: 0.050 loading class java/lang/Integer
Event: 0.050 loading class java/lang/Integer done
Event: 0.050 loading class java/lang/Long
Event: 0.051 loading class java/lang/Long done
Event: 0.051 loading class java/lang/NullPointerException
Event: 0.051 loading class java/lang/NullPointerException done
Event: 0.051 loading class java/lang/ArithmeticException
Event: 0.051 loading class java/lang/ArithmeticException done


Dynamic libraries:
0x00007ff7c46d0000 - 0x00007ff7c46d7000 	D:\Java\jdk1.8.0_92\bin\javadoc.exe
0x00007ffb34060000 - 0x00007ffb34250000 	C:\Windows\SYSTEM32\ntdll.dll
0x00007ffb33a50000 - 0x00007ffb33b02000 	C:\Windows\System32\KERNEL32.DLL
0x00007ffb31290000 - 0x00007ffb31533000 	C:\Windows\System32\KERNELBASE.dll
0x0000000066710000 - 0x000000006673f000 	D:\Java\jdk1.8.0_92\bin\jli.dll
0x0000000066590000 - 0x0000000066662000 	D:\Java\jdk1.8.0_92\bin\MSVCR100.dll
0x00007ffb33b80000 - 0x00007ffb33c23000 	C:\Windows\System32\ADVAPI32.dll
0x00007ffb32710000 - 0x00007ffb327ae000 	C:\Windows\System32\msvcrt.dll
0x00007ffb32240000 - 0x00007ffb322d7000 	C:\Windows\System32\sechost.dll
0x00007ffb32110000 - 0x00007ffb32230000 	C:\Windows\System32\RPCRT4.dll
0x00007ffb327f0000 - 0x00007ffb32984000 	C:\Windows\System32\USER32.dll
0x00007ffb315f0000 - 0x00007ffb31611000 	C:\Windows\System32\win32u.dll
0x00007ffb2a0c0000 - 0x00007ffb2a345000 	C:\Windows\WinSxS\amd64_microsoft.windows.common-controls_6595b64144ccf1df_6.0.18362.418_none_e6c6b287130d565d\COMCTL32.dll
0x00007ffb329b0000 - 0x00007ffb329d6000 	C:\Windows\System32\GDI32.dll
0x00007ffb31f70000 - 0x00007ffb32104000 	C:\Windows\System32\gdi32full.dll
0x00007ffb31750000 - 0x00007ffb317ee000 	C:\Windows\System32\msvcp_win.dll
0x00007ffb30ff0000 - 0x00007ffb310ea000 	C:\Windows\System32\ucrtbase.dll
0x00007ffb330e0000 - 0x00007ffb33416000 	C:\Windows\System32\combase.dll
0x00007ffb31620000 - 0x00007ffb316a0000 	C:\Windows\System32\bcryptPrimitives.dll
0x00007ffb327b0000 - 0x00007ffb327de000 	C:\Windows\System32\IMM32.DLL
0x00000000670d0000 - 0x00000000671a2000 	D:\Java\jdk1.8.0_92\jre\bin\msvcr100.dll
0x0000000066830000 - 0x00000000670c6000 	D:\Java\jdk1.8.0_92\jre\bin\server\jvm.dll
0x00007ffb327e0000 - 0x00007ffb327e8000 	C:\Windows\System32\PSAPI.DLL
0x00007ffb1dfd0000 - 0x00007ffb1dfd9000 	C:\Windows\SYSTEM32\WSOCK32.dll
0x00007ffb2f0e0000 - 0x00007ffb2f104000 	C:\Windows\SYSTEM32\WINMM.dll
0x00007ffb2bf50000 - 0x00007ffb2bf5a000 	C:\Windows\SYSTEM32\VERSION.dll
0x00007ffb33e10000 - 0x00007ffb33e7f000 	C:\Windows\System32\WS2_32.dll
0x00007ffb2f080000 - 0x00007ffb2f0ad000 	C:\Windows\SYSTEM32\WINMMBASE.dll
0x00007ffb310f0000 - 0x00007ffb3113a000 	C:\Windows\System32\cfgmgr32.dll
0x0000000066820000 - 0x000000006682f000 	D:\Java\jdk1.8.0_92\jre\bin\verify.dll
0x00000000667f0000 - 0x0000000066819000 	D:\Java\jdk1.8.0_92\jre\bin\java.dll
0x00000000667d0000 - 0x00000000667e6000 	D:\Java\jdk1.8.0_92\jre\bin\zip.dll

VM Arguments:
jvm_args: -Denv.class.path=F:\github\miniOrm-for-android\Mini-orm\\gradle\wrapper\gradle-wrapper.jar -Dapplication.home=D:\Java\jdk1.8.0_92 -Xms8m 
java_command: com.sun.tools.javadoc.Main @F:\github\miniOrm-for-android\Mini-orm\miniorm-compiler\build\tmp\javadoc\javadoc.options
java_class_path (initial): D:\Java\jdk1.8.0_92/lib/tools.jar;D:\Java\jdk1.8.0_92/classes
Launcher Type: SUN_STANDARD

Environment Variables:
JAVA_HOME=D:\Java\jdk1.8.0_92
CLASSPATH=F:\github\miniOrm-for-android\Mini-orm\\gradle\wrapper\gradle-wrapper.jar
PATH=C:\ProgramData\Oracle\Java\javapath;C:\Windows\system32;C:\Windows;C:\Windows\System32\Wbem;C:\Windows\System32\WindowsPowerShell\v1.0\;C:\Windows\System32\OpenSSH\;D:\Git\cmd;C:\Users\Admin\AppData\Local\Microsoft\WindowsApps;D:\Java\jdk1.8.0_92\bin;D:\Androidsdk\platform-tools;D:\IntelliJ IDEA 2019.2.2\bin;;F:\maven\apache-maven-3.5.0-bin\apache-maven-3.5.0\bin;
USERNAME=Admin
OS=Windows_NT
PROCESSOR_IDENTIFIER=Intel64 Family 6 Model 158 Stepping 10, GenuineIntel



---------------  S Y S T E M  ---------------

OS: Windows 10.0 , 64 bit Build 18362 (10.0.18362.329)

CPU:total 6 (6 cores per cpu, 1 threads per core) family 6 model 158 stepping 10, cmov, cx8, fxsr, mmx, sse, sse2, sse3, ssse3, sse4.1, sse4.2, popcnt, avx, avx2, aes, clmul, erms, 3dnowpref, lzcnt, tsc, tscinvbit, bmi1, bmi2, adx

Memory: 4k page, physical 8322264k(102860k free), swap 16710872k(6084k free)

vm_info: Java HotSpot(TM) 64-Bit Server VM (25.92-b14) for windows-amd64 JRE (1.8.0_92-b14), built on Mar 31 2016 21:03:04 by "java_re" with MS VC++ 10.0 (VS2010)

time: Tue Oct 22 13:30:12 2019
elapsed time: 0 seconds (0d 0h 0m 0s)

